GRMZM2G048092	GRMZM2G048092	GRMZM2G048092	Chr6:93210289-93214452	B73.s	Mo17.s	FAIL	0.0	0.0	0.0	0.0	1.0	1.0	no
GRMZM2G108849	GRMZM2G108849	GRMZM2G108849	Chr7:152772008-152776227	B73.s	Mo17.s	OK	136.633	136.69	0.000416328	-0.0127529	0.989825	1.04386	no
GRMZM5G876003	GRMZM5G876003	GRMZM5G876003	Chr4:232139681-232157778	B73.s	Mo17.s	OK	8.96195	8.96605	0.00045671	-0.000526337	0.99958	1.04685	no
GRMZM2G020040	GRMZM2G020040	GRMZM2G020040	Chr5:202050923-202059781	B73.s	Mo17.s	OK	15.0143	15.0064	-0.000523187	0.000601544	0.99952	1.04687	no
GRMZM2G464401	GRMZM2G464401	GRMZM2G464401	Chr8:77429943-77434618	B73.s	Mo17.s	OK	70.3511	70.3952	0.000625911	-0.000272812	0.999782	1.04698	no
GRMZM2G383540	GRMZM2G383540	GRMZM2G383540	Chr9:25520738-25524594	B73.s	Mo17.s	OK	15.2633	15.2748	0.000754732	-0.000845203	0.999326	1.04682	no
GRMZM2G065076	GRMZM2G065076	GRMZM2G065076	Chr4:31610264-31614832	B73.s	Mo17.s	OK	13.9047	13.8939	-0.000772253	0.00112498	0.999102	1.04693	no
GRMZM2G174736	GRMZM2G174736	GRMZM2G174736	Chr10:95434978-95438105	B73.s	Mo17.s	OK	4.38042	4.37638	-0.00092337	0.00105785	0.999156	1.04688	no
GRMZM2G026490	GRMZM2G026490	GRMZM2G026490	Chr5:147625051-147631050	B73.s	Mo17.s	OK	11.4381	11.4496	0.00100126	-0.00115022	0.999082	1.04694	no
GRMZM2G317931	GRMZM2G317931	GRMZM2G317931	Chr9:153664244-153669760	B73.s	Mo17.s	OK	5.99024	5.98345	-0.00113342	0.00110468	0.999119	1.04687	no
GRMZM2G028914	GRMZM2G028914	GRMZM2G028914	Chr1:77560002-77583193	B73.s	Mo17.s	OK	38.0325	37.9847	-0.00125786	0.0020438	0.998369	1.04683	no
GRMZM2G143878	GRMZM2G143878	GRMZM2G143878	Chr1:206259535-206266426	B73.s	Mo17.s	OK	9.79833	9.78506	-0.00135489	0.00150264	0.998801	1.04696	no
GRMZM2G171031	GRMZM2G171031	GRMZM2G171031	Chr9:56590122-56604428	B73.s	Mo17.s	OK	13.7102	13.7357	0.00185776	-0.0032841	0.99738	1.04638	no
GRMZM2G011030	GRMZM2G011030	GRMZM2G011030	Chr7:105764555-105769313	B73.s	Mo17.s	OK	12.0904	12.0649	-0.00211297	0.00405536	0.996764	1.04618	no
GRMZM2G376731	GRMZM2G376731	GRMZM2G376731	Chr2:25913683-25932129	B73.s	Mo17.s	OK	33.7962	33.7135	-0.00245085	0.00180743	0.998558	1.04687	no
GRMZM2G025860	GRMZM2G025860	GRMZM2G025860	Chr3:201622568-201630272	B73.s	Mo17.s	OK	6.75227	6.77042	0.00268338	-0.00309867	0.997528	1.0464	no
GRMZM2G070284	GRMZM2G070284	GRMZM2G070284	Chr2:153858821-153866012	B73.s	Mo17.s	OK	17.2491	17.2985	0.00286275	-0.0047861	0.996181	1.04589	no
GRMZM2G134976	GRMZM2G134976	GRMZM2G134976	Chr1:260140774-260144609	B73.s	Mo17.s	OK	5.66216	5.6798	0.00311035	-0.00335017	0.997327	1.04637	no
GRMZM2G449909	GRMZM2G449909	GRMZM2G449909	Chr4:176870472-176897290	B73.s	Mo17.s	OK	6.0645	6.08732	0.00375501	-0.00670567	0.99465	1.04537	no
GRMZM2G085825	GRMZM2G085825	GRMZM2G085825	Chr1:69086581-69095051	B73.s	Mo17.s	OK	4.98513	4.96532	-0.00398133	0.00432882	0.996546	1.04603	no
GRMZM2G138425	GRMZM2G138425	GRMZM2G138425	Chr1:195483935-195492249	B73.s	Mo17.s	OK	24.654	24.5522	-0.00414028	0.00464713	0.996292	1.04587	no
GRMZM2G051374	GRMZM2G051374	GRMZM2G051374	Chr4:48991484-48996230	B73.s	Mo17.s	OK	24.2941	24.395	0.00414409	-0.00871544	0.993046	1.04477	no
GRMZM2G014793	GRMZM2G014793	GRMZM2G014793	Chr5:216533162-216546079	B73.s	Mo17.s	OK	21.3378	21.247	-0.00426503	0.00618236	0.995067	1.04544	no
GRMZM2G392956	GRMZM2G392956	GRMZM2G392956	Chr1:6841080-6851868	B73.s	Mo17.s	OK	9.54645	9.58857	0.00440221	-0.00509559	0.995934	1.04568	no
GRMZM2G098764	GRMZM2G098764	GRMZM2G098764	Chr7:144204082-144208045	B73.s	Mo17.s	OK	12.7208	12.6641	-0.00446399	0.00526248	0.995801	1.04557	no
GRMZM2G138303	GRMZM2G138303	GRMZM2G138303	Chr2:156522034-156525133	B73.s	Mo17.s	OK	2.30422	2.31464	0.00451156	-0.00449664	0.996412	1.04595	no
AC214119.3_FG009	AC214119.3_FG009	AC214119.3_FG009	Chr7:9534641-9541513	B73.s	Mo17.s	OK	8.45306	8.41448	-0.00457452	0.00531076	0.995763	1.04556	no
GRMZM2G011006	GRMZM2G011006	GRMZM2G011006	Chr5:196800957-196801916	B73.s	Mo17.s	OK	2.69213	2.67899	-0.00488983	0.00439409	0.996494	1.046	no
GRMZM2G475362	GRMZM2G475362	GRMZM2G475362	Chr3:220442638-220451294	B73.s	Mo17.s	OK	3.96643	3.986	0.00492192	-0.00535833	0.995725	1.04557	no
GRMZM2G082214	GRMZM2G082214	GRMZM2G082214	Chr8:2110919-2115595	B73.s	Mo17.s	OK	20.725	20.6218	-0.00499014	0.00575286	0.99541	1.04545	no
GRMZM2G041697	GRMZM2G041697	GRMZM2G041697	Chr6:155979310-155994089	B73.s	Mo17.s	OK	35.8046	35.6149	-0.00531209	0.0311119	0.97518	1.03923	no
GRMZM2G119627	GRMZM2G119627	GRMZM2G119627	Chr9:140970478-140979075	B73.s	Mo17.s	OK	13.1589	13.2291	0.00531464	-0.00612529	0.995113	1.0454	no
GRMZM2G453494	GRMZM2G453494	GRMZM2G453494	Chr4:132207158-132208738	B73.s	Mo17.s	NOTEST	0.323759	0.32204	-0.00532585	0.00480641	0.996165	1	no
GRMZM2G077823	GRMZM2G077823	GRMZM2G077823	Chr2:212349125-212354040	B73.s	Mo17.s	OK	27.2858	27.4321	0.00534665	-0.010462	0.991653	1.04437	no
GRMZM2G068755	GRMZM2G068755	GRMZM2G068755	Chr8:170827068-170854528	B73.s	Mo17.s	OK	17.8444	17.9572	0.00630425	-0.00612866	0.99511	1.04543	no
GRMZM2G021567	GRMZM2G021567	GRMZM2G021567	Chr2:210470406-210474029	B73.s	Mo17.s	OK	10.9683	10.899	-0.00633768	0.00973128	0.992236	1.04451	no
GRMZM5G824831	GRMZM5G824831	GRMZM5G824831	Chr5:188243870-188290615	B73.s	Mo17.s	OK	78.9857	78.4735	-0.00650547	0.0145769	0.98837	1.0432	no
GRMZM2G019721	GRMZM2G019721	GRMZM2G019721	Chr3:41456214-41459923	B73.s	Mo17.s	OK	7.38195	7.33299	-0.00665459	0.0084636	0.993247	1.04485	no
GRMZM2G091558	GRMZM2G091558	GRMZM2G091558	Chr2:197990295-197994045	B73.s	Mo17.s	OK	31.1542	31.3681	0.00684254	-0.0110549	0.99118	1.04433	no
GRMZM2G149330	GRMZM2G149330	GRMZM2G149330	Chr3:108427230-108452235	B73.s	Mo17.s	OK	22.697	22.8591	0.00711804	-0.00765961	0.993889	1.04523	no
GRMZM2G059167	GRMZM2G059167	GRMZM2G059167	Chr4:115280520-115296003	B73.s	Mo17.s	OK	9.99895	10.0726	0.00733457	-0.0103435	0.991747	1.04431	no
GRMZM2G152981	GRMZM2G152981	GRMZM2G152981	Chr1:122399551-122417191	B73.s	Mo17.s	OK	3.69273	3.66511	-0.00750777	0.010379	0.991719	1.04436	no
GRMZM2G178398	GRMZM2G178398	GRMZM2G178398	Chr4:172748162-172754261	B73.s	Mo17.s	OK	59.1654	59.6377	0.00795204	-0.342384	0.732062	0.937544	no
AC198518.3_FG003	AC198518.3_FG003	AC198518.3_FG003	Chr3:107351262-107362589	B73.s	Mo17.s	OK	16.2776	16.1454	-0.00815364	0.00939889	0.992501	1.04452	no
GRMZM2G094664	GRMZM2G094664	GRMZM2G094664	Chr2:236717087-236721015	B73.s	Mo17.s	OK	4.62232	4.66049	0.00822213	-0.011737	0.990635	1.04415	no
GRMZM2G177052	GRMZM2G177052	GRMZM2G177052	Chr4:50154888-50158458	B73.s	Mo17.s	OK	7.88198	7.81575	-0.00843801	0.00957168	0.992363	1.04453	no
GRMZM2G355525	GRMZM2G355525	GRMZM2G355525	Chr8:174773549-174779993	B73.s	Mo17.s	OK	1.07912	1.06996	-0.0085277	0.00764641	0.993899	1.04519	no
GRMZM2G063775	GRMZM2G063775	GRMZM2G063775	Chr2:186675981-186689421	B73.s	Mo17.s	OK	17.93	18.0854	0.00863363	-0.0101601	0.991894	1.04439	no
GRMZM2G058913	GRMZM2G058913	GRMZM2G058913	Chr8:70944998-70971683	B73.s	Mo17.s	OK	16.9674	16.8214	-0.00864334	0.00986495	0.992129	1.04445	no
GRMZM2G101938	GRMZM2G101938	GRMZM2G101938	Chr6:105424577-105432613	B73.s	Mo17.s	OK	41.0843	41.4529	0.00893079	-0.0104368	0.991673	1.04437	no
GRMZM2G063387	GRMZM2G063387	GRMZM2G063387	Chr9:152674937-152679863	B73.s	Mo17.s	OK	5.29522	5.34401	0.00917179	-0.00958878	0.992349	1.04455	no
GRMZM2G145242	GRMZM2G145242	GRMZM2G145242	Chr5:118298414-118305729	B73.s	Mo17.s	OK	5.35022	5.29697	-0.0100022	0.0128534	0.989745	1.04383	no
GRMZM2G049347	GRMZM2G049347	GRMZM2G049347	Chr2:213764669-213801408	B73.s	Mo17.s	OK	32.7933	33.1297	0.0102054	-0.0106429	0.991508	1.04441	no
GRMZM2G020295	GRMZM2G020295	GRMZM2G020295	Chr1:235360115-235367458	B73.s	Mo17.s	OK	11.8248	11.9496	0.010496	-0.0132597	0.989421	1.04364	no
GRMZM2G457881	GRMZM2G457881	GRMZM2G457881	Chr5:11946344-11954653	B73.s	Mo17.s	OK	4.80374	4.85447	0.0105035	-0.0151565	0.987907	1.04303	no
GRMZM2G045049	GRMZM2G045049	GRMZM2G045049	Chr2:4204205-4207300	B73.s	Mo17.s	OK	13.1374	13.2765	0.0105287	-0.012178	0.990284	1.04402	no
GRMZM2G177721	GRMZM2G177721	GRMZM2G177721	Chr2:87010481-87019980	B73.s	Mo17.s	OK	4.94621	4.99932	0.0106791	-0.0173008	0.986197	1.0424	no
GRMZM2G139688	GRMZM2G139688	GRMZM2G139688	Chr3:187002241-187006264	B73.s	Mo17.s	OK	6.26836	6.33632	0.0107838	-0.0119363	0.990476	1.04406	no
GRMZM2G097068	GRMZM2G097068	GRMZM2G097068	Chr3:129959598-129977561	B73.s	Mo17.s	OK	20.5729	20.3486	-0.0109617	0.0120915	0.990353	1.04401	no
GRMZM2G058966	GRMZM2G058966	GRMZM2G058966	Chr2:922840-933987	B73.s	Mo17.s	OK	21.2236	20.9919	-0.0109753	0.0130429	0.989594	1.04377	no
GRMZM2G032505	GRMZM2G032505	GRMZM2G032505	Chr6:122797860-122838407	B73.s	Mo17.s	OK	67.5421	66.8042	-0.0109847	0.00756028	0.993968	1.04519	no
GRMZM2G482657	GRMZM2G482657	GRMZM2G482657	Chr3:76489230-76660352	B73.s	Mo17.s	OK	0	0	0	0	1	1.00058	no
GRMZM2G011025	GRMZM2G011025	GRMZM2G011025	Chr1:56753110-56755002	B73.s	Mo17.s	OK	0	0	0	0	1	1.0024	no
GRMZM2G440221	GRMZM2G440221	GRMZM2G440221	Chr4:18583581-18584639	B73.s	Mo17.s	OK	0	0	0	0	1	1.00306	no
GRMZM2G438202	GRMZM2G438202	GRMZM2G438202	Chr10:141824195-141825922	B73.s	Mo17.s	OK	0	0	0	0	1	1.00333	no
GRMZM2G436742	GRMZM2G436742	GRMZM2G436742	Chr3:159726668-159744089	B73.s	Mo17.s	OK	0	0	0	0	1	1.00335	no
GRMZM2G436649	GRMZM2G436649	GRMZM2G436649	Chr7:100267154-100284846	B73.s	Mo17.s	OK	0	0	0	0	1	1.0034	no
GRMZM2G439173	GRMZM2G439173	GRMZM2G439173	Chr10:104636714-104638171	B73.s	Mo17.s	OK	0	0	0	0	1	1.0035	no
GRMZM2G019430	GRMZM2G019430	GRMZM2G019430	Chr9:118272088-118299375	B73.s	Mo17.s	OK	0	0	0	0	1	1.00372	no
GRMZM2G479930	GRMZM2G479930	GRMZM2G479930	Chr8:19570089-19583843	B73.s	Mo17.s	OK	0	0	0	0	1	1.00486	no
GRMZM2G007488	GRMZM2G007488	GRMZM2G007488	Chr4:129320492-129451755	B73.s	Mo17.s	OK	0	0	0	0	1	1.00496	no
GRMZM2G471970	GRMZM2G471970	GRMZM2G471970	Chr6:68552865-68620377	B73.s	Mo17.s	OK	0	0	0	0	1	1.00555	no
GRMZM2G119230	GRMZM2G119230	GRMZM2G119230	Chr8:17370947-17372365	B73.s	Mo17.s	OK	0	0	0	0	1	1.01064	no
GRMZM2G113794	GRMZM2G113794	GRMZM2G113794	Chr2:201964414-201968863	B73.s	Mo17.s	OK	0	0	0	0	1	1.01126	no
GRMZM2G335359	GRMZM2G335359	GRMZM2G335359	Chr3:200993882-201002676	B73.s	Mo17.s	OK	0	0	0	0	1	1.01155	no
GRMZM2G336134	GRMZM2G336134	GRMZM2G336134	Chr7:28325971-28334835	B73.s	Mo17.s	OK	0	0	0	0	1	1.0123	no
GRMZM2G163923	GRMZM2G163923	GRMZM2G163923	Chr10:61984576-61987719	B73.s	Mo17.s	OK	0	0	0	0	1	1.01361	no
GRMZM2G159187	GRMZM2G159187	GRMZM2G159187	Chr2:214936962-214947968	B73.s	Mo17.s	OK	0	0	0	0	1	1.01391	no
GRMZM2G153523	GRMZM2G153523	GRMZM2G153523	Chr2:198393739-198395904	B73.s	Mo17.s	OK	0	0	0	0	1	1.01424	no
GRMZM2G171315	GRMZM2G171315	GRMZM2G171315	Chr1:289362338-289459515	B73.s	Mo17.s	OK	0	0	0	0	1	1.01488	no
GRMZM2G132882	GRMZM2G132882	GRMZM2G132882	Chr6:55734175-55747620	B73.s	Mo17.s	OK	0	0	0	0	1	1.01533	no
GRMZM2G404249	GRMZM2G404249	GRMZM2G404249	Chr9:132550416-132551258	B73.s	Mo17.s	OK	0	0	0	0	1	1.01563	no
GRMZM2G401721	GRMZM2G401721	GRMZM2G401721	Chr8:76656406-76747936	B73.s	Mo17.s	OK	0	0	0	0	1	1.01601	no
GRMZM2G409312	GRMZM2G409312	GRMZM2G409312	Chr3:228448298-228450147	B73.s	Mo17.s	OK	0	0	0	0	1	1.01666	no
GRMZM2G395392	GRMZM2G395392	GRMZM2G395392	Chr5:141158367-141161530	B73.s	Mo17.s	OK	0	0	0	0	1	1.01723	no
GRMZM2G029292	GRMZM2G029292	GRMZM2G029292	Chr8:170359321-170386361	B73.s	Mo17.s	OK	0	0	0	0	1	1.01773	no
GRMZM2G032339	GRMZM2G032339	GRMZM2G032339	Chr1:277151349-277232124	B73.s	Mo17.s	OK	0	0	0	0	1	1.01803	no
GRMZM2G417222	GRMZM2G417222	GRMZM2G417222	Chr5:17268763-17275561	B73.s	Mo17.s	OK	0	0	0	0	1	1.01848	no
GRMZM2G357631	GRMZM2G357631	GRMZM2G357631	Chr7:154185555-154186513	B73.s	Mo17.s	OK	0	0	0	0	1	1.01957	no
GRMZM2G363187	GRMZM2G363187	GRMZM2G363187	Chr8:72304953-72378851	B73.s	Mo17.s	OK	0	0	0	0	1	1.02019	no
GRMZM2G346920	GRMZM2G346920	GRMZM2G346920	Chr1:200861740-200863578	B73.s	Mo17.s	OK	0	0	0	0	1	1.02098	no
GRMZM2G342821	GRMZM2G342821	GRMZM2G342821	Chr3:119322879-119324786	B73.s	Mo17.s	OK	0	0	0	0	1	1.02115	no
GRMZM2G082112	GRMZM2G082112	GRMZM2G082112	Chr6:98260608-98290821	B73.s	Mo17.s	OK	0	0	0	0	1	1.02146	no
GRMZM2G381025	GRMZM2G381025	GRMZM2G381025	Chr3:200191041-200193421	B73.s	Mo17.s	OK	0	0	0	0	1	1.02178	no
GRMZM2G065478	GRMZM2G065478	GRMZM2G065478	Chr1:165073503-165076065	B73.s	Mo17.s	OK	0	0	0	0	1	1.02206	no
GRMZM2G702725	GRMZM2G702725	GRMZM2G702725	Chr4:181792073-181809838	B73.s	Mo17.s	OK	0	0	0	0	1	1.02495	no
GRMZM2G702694	GRMZM2G702694	GRMZM2G702694	Chr4:171060180-171065145	B73.s	Mo17.s	OK	0	0	0	0	1	1.025	no
AC201815.4_FG001	AC201815.4_FG001	AC201815.4_FG001	Chr5:47675015-47676944	B73.s	Mo17.s	OK	0	0	0	0	1	1.02707	no
AC188718.3_FG005	AC188718.3_FG005	AC188718.3_FG005	Chr7:125582529-125584552	B73.s	Mo17.s	OK	0	0	0	0	1	1.03022	no
AC188003.3_FG012	AC188003.3_FG012	AC188003.3_FG012	Chr4:1078562-1091089	B73.s	Mo17.s	OK	0	0	0	0	1	1.03112	no
